<?xml version="1.0" encoding="UTF-8"?>
<testsuite xmlns:xsi="http://www.w3.org/2001/XMLSchema-instance" xsi:noNamespaceSchemaLocation="https://maven.apache.org/surefire/maven-surefire-plugin/xsd/surefire-test-report-3.0.xsd" version="3.0" name="com.wiken.e2edemo.St00E2edemoApplicationTests" time="1.01" tests="1" errors="0" skipped="0" failures="0">
  <properties>
[...]
</properties>
  <testcase name="contextLoads" classname="com.wiken.e2edemo.St00E2edemoApplicationTests" time="0.395">
    <system-out><![CDATA[15:18:26.501 [main] INFO org.springframework.test.context.support.AnnotationConfigContextLoaderUtils -- Could not detect default configuration classes for test class [com.wiken.e2edemo.St00E2edemoApplicationTests]: St00E2edemoApplicationTests does not declare any static, non-private, non-final, nested classes annotated with @Configuration.
15:18:26.539 [main] INFO org.springframework.boot.test.context.SpringBootTestContextBootstrapper -- Found @SpringBootConfiguration com.wiken.e2edemo.St00E2edemoApplication for test class com.wiken.e2edemo.St00E2edemoApplicationTests

  .   ____          _            __ _ _
 /\\ / ___'_ __ _ _(_)_ __  __ _ \ \ \ \
( ( )\___ | '_ | '_| | '_ \/ _` | \ \ \ \
 \\/  ___)| |_)| | | | | || (_| |  ) ) ) )
  '  |____| .__|_| |_|_| |_\__, | / / / /
 =========|_|==============|___/=/_/_/_/
 :: Spring Boot ::                (v3.2.2)

2024-02-16T15:18:26.669+09:00  INFO 78857 --- [           main] c.w.e2edemo.St00E2edemoApplicationTests  : Starting St00E2edemoApplicationTests using Java 17.0.9 with PID 78857 (started by jsjeong in /Users/jsjeong/Downloads/workspace-spring-tool-suite-4-4.21.0.RELEASE/st00-e2edemo)
2024-02-16T15:18:26.670+09:00  INFO 78857 --- [           main] c.w.e2edemo.St00E2edemoApplicationTests  : No active profile set, falling back to 1 default profile: "default"
2024-02-16T15:18:27.043+09:00  INFO 78857 --- [           main] c.w.e2edemo.St00E2edemoApplicationTests  : Started St00E2edemoApplicationTests in 0.456 seconds (process running for 0.83)
]]></system-out>
  </testcase>
</testsuite>